artworkx.c
artworkx.h
cheatms.c
cheatms.h
compcfg.c
cpu
crcfile.c
crcfile.h
device.c
device.h
devices
eventlst.c
eventlst.h
filemngr.c
formats
image.c
image.h
includes
inputx.c
inputx.h
keyboard.c
machine
mesintrf.c
mesintrf.h
mess.c
mess.h
mess.mak
messdrv.h
mscommon.c
mscommon.h
mui_text.c
mui_text.h
opresolv.c
opresolv.h
osd_mess.h
pool.c
pool.h
rules_ms.mak
sndhrdw
snprintf.c
snprintf.h
sound
system.c
systems
tapectrl.c
tinyms.mak
tools
utils.c
utils.h
videomap.c
videomap.h
vidhrdw
vmapcore.c

