cpu
debug
drivers
includes
machine
sndhrdw
sound
vidhrdw
artwork.c
artwork.h
audit.c
audit.h
cdrom.c
cdrom.h
chd.c
chd.h
chdcd.c
chdcd.h
chdman.c
cheat.c
cheat.h
config.c
config.h
core.mak
cpuexec.c
cpuexec.h
cpuint.c
cpuint.h
cpuintrf.c
cpuintrf.h
debugger.h
drawgfx.c
drawgfx.h
driver.c
driver.h
fileio.c
fileio.h
harddisk.c
harddisk.h
hash.c
hash.h
hiscore.c
hiscore.h
info.c
info.h
inptport.c
inptport.h
input.c
input.h
jedparse.c
jedparse.h
jedutil.h
mame.c
mame.h
mame.mak
mamecore.c
mamecore.h
mamedriv.c
md5.c
md5.h
memconv.h
memory.c
memory.h
osd_tool.h
osdepend.h
palette.c
palette.h
png.c
png.h
profiler.c
profiler.h
romload.c
romload.h
sha1.c
sha1.h
sndintrf.c
sndintrf.h
sound.c
sound.h
state.c
state.h
streams.c
streams.h
tilemap.c
tilemap.h
timer.c
timer.h
tiny.mak
ui_text.c
ui_text.h
unzip.c
unzip.h
usrintrf.c
usrintrf.h
validity.c
version.c
video.c
video.h
x86drc.c
x86drc.h
xmlfile.c
xmlfile.h

