cpu
dbgfonts
drivers
includes
machine
sndhrdw
sound
vidhrdw
artwork.c
artwork.h
audit.c
audit.h
blitgen.c
cheat.c
cheat.h
common.c
common.h
core.mak
cpmame.mak
cpuexec.c
cpuexec.h
cpuint.c
cpuint.h
cpuintrf.c
cpuintrf.h
datafile.c
datafile.h
drawgfx.c
drawgfx.h
driver.c
driver.h
fileio.c
fileio.h
harddisk.c
harddisk.h
hash.c
hash.h
hiscore.c
hiscore.h
info.c
info.h
inptport.c
inptport.h
input.c
input.h
legacy.h
mame.c
mame.h
mame.mak
mameblit.c
mamedbg.c
mamedbg.h
md5.c
md5.h
memory.c
memory.h
neomame.mak
network.c
network.h
osdepend.h
palette.c
palette.h
png.c
png.h
profiler.c
profiler.h
rules.mak
sha1.c
sha1.h
sndintrf.c
sndintrf.h
state.c
state.h
tilemap.c
tilemap.h
timer.c
timer.h
tiny.mak
ui_text.c
ui_text.h
unzip.c
unzip.h
usrintrf.c
usrintrf.h
version.c
window.c
window.h
x86drc.c
x86drc.h
